{"numFailedTestSuites":0,"numFailedTests":0,"numPassedTestSuites":3,"numPassedTests":12,"numPendingTestSuites":0,"numPendingTests":0,"numRuntimeErrorTestSuites":0,"numTotalTestSuites":3,"numTotalTests":12,"openHandles":[],"snapshot":{"added":0,"didUpdate":false,"failure":false,"filesAdded":0,"filesRemoved":0,"filesUnmatched":0,"filesUpdated":0,"matched":1,"total":1,"unchecked":0,"uncheckedKeysByFile":[],"unmatched":0,"updated":0},"startTime":1531383032306,"success":true,"testResults":[{"assertionResults":[{"ancestorTitles":["NotificationMessage"],"failureMessages":[],"fullName":"NotificationMessage should render the message","location":null,"status":"passed","title":"should render the message"}],"endTime":1531383036341,"message":"","name":"D:\\TM\\token_off\\bep-gui\\src\\components\\Notification\\NotificationMessage\\NotificationMessage.spec.js","startTime":1531383034252,"status":"passed","summary":""},{"assertionResults":[{"ancestorTitles":["PearsonUser"],"failureMessages":[],"fullName":"PearsonUser it should render user first name and last name ","location":null,"status":"passed","title":"it should render user first name and last name "},{"ancestorTitles":["PearsonUser"],"failureMessages":[],"fullName":"PearsonUser it should render image of pearsonUser avatar","location":null,"status":"passed","title":"it should render image of pearsonUser avatar"},{"ancestorTitles":["PearsonUser"],"failureMessages":[],"fullName":"PearsonUser should execute the function passed optionHandler, when delete button is clicked","location":null,"status":"passed","title":"should execute the function passed optionHandler, when delete button is clicked"}],"endTime":1531383036382,"message":"","name":"D:\\TM\\token_off\\bep-gui\\src\\components\\UserProfile\\UserProfile.spec.js","startTime":1531383034262,"status":"passed","summary":""},{"assertionResults":[{"ancestorTitles":["PearsonUsers Test Suite"],"failureMessages":[],"fullName":"PearsonUsers Test Suite should render without throwing any error","location":null,"status":"passed","title":"should render without throwing any error"},{"ancestorTitles":["PearsonUsers Test Suite"],"failureMessages":[],"fullName":"PearsonUsers Test Suite renders a h1","location":null,"status":"passed","title":"renders a h1"},{"ancestorTitles":["PearsonUsers Test Suite"],"failureMessages":[],"fullName":"PearsonUsers Test Suite it should render a UserProfile","location":null,"status":"passed","title":"it should render a UserProfile"},{"ancestorTitles":["PearsonUsers Test Suite"],"failureMessages":[],"fullName":"PearsonUsers Test Suite it should render initial layout","location":null,"status":"passed","title":"it should render initial layout"},{"ancestorTitles":["PearsonUsers Test Suite"],"failureMessages":[],"fullName":"PearsonUsers Test Suite it should return UserProfile list when data is loaded","location":null,"status":"passed","title":"it should return UserProfile list when data is loaded"},{"ancestorTitles":["PearsonUsers Test Suite"],"failureMessages":[],"fullName":"PearsonUsers Test Suite it should remove duplicate entries","location":null,"status":"passed","title":"it should remove duplicate entries"},{"ancestorTitles":["PearsonUsers Test Suite"],"failureMessages":[],"fullName":"PearsonUsers Test Suite it should delete user by its id property","location":null,"status":"passed","title":"it should delete user by its id property"},{"ancestorTitles":["PearsonUsers Test Suite"],"failureMessages":[],"fullName":"PearsonUsers Test Suite it should return Notification Message when data is not presend due to some error","location":null,"status":"passed","title":"it should return Notification Message when data is not presend due to some error"}],"endTime":1531383036645,"message":"","name":"D:\\TM\\token_off\\bep-gui\\src\\components\\PearsonUsers\\PearsonUsers.spec.js","startTime":1531383034255,"status":"passed","summary":""}],"wasInterrupted":false}